  [1m[35m (0.1ms)[0m  [1m[34mSELECT sqlite_version(*)[0m
  [1m[35m (7.7ms)[0m  [1m[35mCREATE TABLE "schema_migrations" ("version" varchar NOT NULL PRIMARY KEY)[0m
  [1m[35m (13.1ms)[0m  [1m[35mCREATE TABLE "ar_internal_metadata" ("key" varchar NOT NULL PRIMARY KEY, "value" varchar, "created_at" datetime NOT NULL, "updated_at" datetime NOT NULL)[0m
  [1m[35m (0.1ms)[0m  [1m[34mSELECT "schema_migrations"."version" FROM "schema_migrations" ORDER BY "schema_migrations"."version" ASC[0m
Migrating to DeviseCreateUsers (20180611092244)
  [1m[35m (0.1ms)[0m  [1m[36mbegin transaction[0m
  [1m[35m (0.4ms)[0m  [1m[35mCREATE TABLE "users" ("id" INTEGER PRIMARY KEY AUTOINCREMENT NOT NULL, "email" varchar DEFAULT '' NOT NULL, "encrypted_password" varchar DEFAULT '' NOT NULL, "name" varchar, "username" varchar DEFAULT '' NOT NULL, "reset_password_token" varchar, "reset_password_sent_at" datetime, "remember_created_at" datetime, "sign_in_count" integer DEFAULT 0 NOT NULL, "current_sign_in_at" datetime, "last_sign_in_at" datetime, "current_sign_in_ip" varchar, "last_sign_in_ip" varchar, "created_at" datetime NOT NULL, "updated_at" datetime NOT NULL)[0m
  [1m[35m (0.2ms)[0m  [1m[35mCREATE UNIQUE INDEX "index_users_on_email" ON "users" ("email")[0m
  [1m[35m (0.1ms)[0m  [1m[34m            SELECT sql
            FROM sqlite_master
            WHERE name='index_users_on_email' AND type='index'
            UNION ALL
            SELECT sql
            FROM sqlite_temp_master
            WHERE name='index_users_on_email' AND type='index'
[0m
  [1m[35m (0.1ms)[0m  [1m[35mCREATE UNIQUE INDEX "index_users_on_reset_password_token" ON "users" ("reset_password_token")[0m
  [1m[35m (0.1ms)[0m  [1m[34m            SELECT sql
            FROM sqlite_master
            WHERE name='index_users_on_reset_password_token' AND type='index'
            UNION ALL
            SELECT sql
            FROM sqlite_temp_master
            WHERE name='index_users_on_reset_password_token' AND type='index'
[0m
  [1m[35m (0.1ms)[0m  [1m[34m            SELECT sql
            FROM sqlite_master
            WHERE name='index_users_on_email' AND type='index'
            UNION ALL
            SELECT sql
            FROM sqlite_temp_master
            WHERE name='index_users_on_email' AND type='index'
[0m
  [1m[35m (0.1ms)[0m  [1m[35mCREATE UNIQUE INDEX "index_users_on_username" ON "users" ("username")[0m
  [1m[35mSQL (0.1ms)[0m  [1m[32mINSERT INTO "schema_migrations" ("version") VALUES (?)[0m  [["version", "20180611092244"]]
  [1m[35m (18.6ms)[0m  [1m[36mcommit transaction[0m
  [1m[36mActiveRecord::InternalMetadata Load (0.2ms)[0m  [1m[34mSELECT  "ar_internal_metadata".* FROM "ar_internal_metadata" WHERE "ar_internal_metadata"."key" = ? LIMIT ?[0m  [["key", "environment"], ["LIMIT", 1]]
  [1m[35m (0.1ms)[0m  [1m[36mbegin transaction[0m
  [1m[35mSQL (0.3ms)[0m  [1m[32mINSERT INTO "ar_internal_metadata" ("key", "value", "created_at", "updated_at") VALUES (?, ?, ?, ?)[0m  [["key", "environment"], ["value", "development"], ["created_at", "2018-06-11 09:28:24.144382"], ["updated_at", "2018-06-11 09:28:24.144382"]]
  [1m[35m (6.1ms)[0m  [1m[36mcommit transaction[0m
  [1m[35m (0.1ms)[0m  [1m[34mSELECT "schema_migrations"."version" FROM "schema_migrations" ORDER BY "schema_migrations"."version" ASC[0m
  [1m[35m (0.1ms)[0m  [1m[34m            SELECT sql
            FROM sqlite_master
            WHERE name='index_users_on_username' AND type='index'
            UNION ALL
            SELECT sql
            FROM sqlite_temp_master
            WHERE name='index_users_on_username' AND type='index'
[0m
  [1m[35m (0.1ms)[0m  [1m[34m            SELECT sql
            FROM sqlite_master
            WHERE name='index_users_on_reset_password_token' AND type='index'
            UNION ALL
            SELECT sql
            FROM sqlite_temp_master
            WHERE name='index_users_on_reset_password_token' AND type='index'
[0m
  [1m[35m (0.1ms)[0m  [1m[34m            SELECT sql
            FROM sqlite_master
            WHERE name='index_users_on_email' AND type='index'
            UNION ALL
            SELECT sql
            FROM sqlite_temp_master
            WHERE name='index_users_on_email' AND type='index'
[0m
Started GET "/" for 127.0.0.1 at 2018-06-11 03:44:27 -0700
  [1m[35m (0.3ms)[0m  [1m[34mSELECT "schema_migrations"."version" FROM "schema_migrations" ORDER BY "schema_migrations"."version" ASC[0m
Processing by Rails::WelcomeController#index as HTML
  Rendering /home/raguila8/.rvm/gems/ruby-2.3.3/gems/railties-5.1.6/lib/rails/templates/rails/welcome/index.html.erb
  Rendered /home/raguila8/.rvm/gems/ruby-2.3.3/gems/railties-5.1.6/lib/rails/templates/rails/welcome/index.html.erb (2.6ms)
Completed 200 OK in 13ms (Views: 5.2ms | ActiveRecord: 0.0ms)


Started GET "/login" for 127.0.0.1 at 2018-06-11 03:44:35 -0700
  
ActionController::RoutingError (No route matches [GET] "/login"):
  
actionpack (5.1.6) lib/action_dispatch/middleware/debug_exceptions.rb:63:in `call'
web-console (3.6.2) lib/web_console/middleware.rb:135:in `call_app'
web-console (3.6.2) lib/web_console/middleware.rb:30:in `block in call'
web-console (3.6.2) lib/web_console/middleware.rb:20:in `catch'
web-console (3.6.2) lib/web_console/middleware.rb:20:in `call'
actionpack (5.1.6) lib/action_dispatch/middleware/show_exceptions.rb:31:in `call'
railties (5.1.6) lib/rails/rack/logger.rb:36:in `call_app'
railties (5.1.6) lib/rails/rack/logger.rb:24:in `block in call'
activesupport (5.1.6) lib/active_support/tagged_logging.rb:69:in `block in tagged'
activesupport (5.1.6) lib/active_support/tagged_logging.rb:26:in `tagged'
activesupport (5.1.6) lib/active_support/tagged_logging.rb:69:in `tagged'
railties (5.1.6) lib/rails/rack/logger.rb:24:in `call'
sprockets-rails (3.2.1) lib/sprockets/rails/quiet_assets.rb:13:in `call'
actionpack (5.1.6) lib/action_dispatch/middleware/remote_ip.rb:79:in `call'
actionpack (5.1.6) lib/action_dispatch/middleware/request_id.rb:25:in `call'
rack (2.0.5) lib/rack/method_override.rb:22:in `call'
rack (2.0.5) lib/rack/runtime.rb:22:in `call'
activesupport (5.1.6) lib/active_support/cache/strategy/local_cache_middleware.rb:27:in `call'
actionpack (5.1.6) lib/action_dispatch/middleware/executor.rb:12:in `call'
actionpack (5.1.6) lib/action_dispatch/middleware/static.rb:125:in `call'
rack (2.0.5) lib/rack/sendfile.rb:111:in `call'
railties (5.1.6) lib/rails/engine.rb:522:in `call'
puma (3.11.4) lib/puma/configuration.rb:225:in `call'
puma (3.11.4) lib/puma/server.rb:632:in `handle_request'
puma (3.11.4) lib/puma/server.rb:446:in `process_client'
puma (3.11.4) lib/puma/server.rb:306:in `block in run'
puma (3.11.4) lib/puma/thread_pool.rb:120:in `block in spawn_thread'
Started GET "/users/sign_in" for 127.0.0.1 at 2018-06-11 03:45:06 -0700
  [1m[35m (0.1ms)[0m  [1m[34mSELECT "schema_migrations"."version" FROM "schema_migrations" ORDER BY "schema_migrations"."version" ASC[0m
Processing by Devise::SessionsController#new as HTML
  Rendering devise/sessions/new.html.erb within layouts/application
  Rendered devise/shared/_links.html.erb (1.8ms)
  Rendered devise/sessions/new.html.erb within layouts/application (19.7ms)
Completed 500 Internal Server Error in 2668ms (ActiveRecord: 0.6ms)


  
ActionView::Template::Error (File to import not found or unreadable: Definity.
Load paths:
  /home/raguila8/web-dev/workspace/lets_prove_it/app/assets/config
  /home/raguila8/web-dev/workspace/lets_prove_it/app/assets/images
  /home/raguila8/web-dev/workspace/lets_prove_it/app/assets/javascripts
  /home/raguila8/web-dev/workspace/lets_prove_it/app/assets/stylesheets
  /home/raguila8/web-dev/workspace/lets_prove_it/vendor/assets/stylesheets
  /home/raguila8/.rvm/gems/ruby-2.3.3/gems/jquery-rails-4.3.1/vendor/assets/javascripts
  /home/raguila8/.rvm/gems/ruby-2.3.3/gems/coffee-rails-4.2.2/lib/assets/javascripts
  /home/raguila8/.rvm/gems/ruby-2.3.3/gems/actioncable-5.1.6/lib/assets/compiled
  /home/raguila8/.rvm/gems/ruby-2.3.3/gems/actionview-5.1.6/lib/assets/compiled
  /home/raguila8/.rvm/gems/ruby-2.3.3/gems/turbolinks-source-5.1.0/lib/assets/javascripts
  /home/raguila8/web-dev/workspace/lets_prove_it/node_modules
  /home/raguila8/.rvm/gems/ruby-2.3.3/gems/bootstrap-sass-3.3.7/assets/stylesheets
  /home/raguila8/.rvm/gems/ruby-2.3.3/gems/bootstrap-sass-3.3.7/assets/javascripts
  /home/raguila8/.rvm/gems/ruby-2.3.3/gems/bootstrap-sass-3.3.7/assets/fonts
  /home/raguila8/.rvm/gems/ruby-2.3.3/gems/bootstrap-sass-3.3.7/assets/images
  /home/raguila8/.rvm/gems/ruby-2.3.3/gems/bootstrap-sass-3.3.7/assets/stylesheets):
    4:     <title>LetsProveIt</title>
    5:     <%= csrf_meta_tags %>
    6: 
    7:     <%= stylesheet_link_tag    'application', media: 'all', 'data-turbolinks-track': 'reload' %>
    8:     <%= javascript_include_tag 'application', 'data-turbolinks-track': 'reload' %>
    9:   </head>
   10: 
  
app/assets/stylesheets/application.scss:17
app/views/layouts/application.html.erb:7:in `_app_views_layouts_application_html_erb__4195776493017642238_26580440'
Started GET "/users/sign_in" for 127.0.0.1 at 2018-06-11 03:47:09 -0700
Processing by Devise::SessionsController#new as HTML
  Rendering devise/sessions/new.html.erb within layouts/application
  Rendered devise/shared/_links.html.erb (0.8ms)
  Rendered devise/sessions/new.html.erb within layouts/application (6.5ms)
Completed 200 OK in 2748ms (Views: 2745.4ms | ActiveRecord: 0.0ms)


Started GET "/users/sign_in" for 127.0.0.1 at 2018-06-11 03:49:36 -0700
Processing by Devise::SessionsController#new as HTML
  Rendering devise/sessions/new.html.erb within layouts/application
  Rendered devise/sessions/new.html.erb within layouts/application (1.6ms)
Completed 200 OK in 80ms (Views: 78.8ms | ActiveRecord: 0.0ms)


Started GET "/users/sign_in" for 127.0.0.1 at 2018-06-11 03:57:02 -0700
Processing by Devise::SessionsController#new as HTML
  Rendering devise/sessions/new.html.erb within layouts/application
  Rendered devise/sessions/new.html.erb within layouts/application (2.2ms)
Completed 200 OK in 62ms (Views: 59.7ms | ActiveRecord: 0.0ms)


Started GET "/users/sign_in" for 127.0.0.1 at 2018-06-11 04:01:23 -0700
  [1m[35m (0.1ms)[0m  [1m[34mSELECT "schema_migrations"."version" FROM "schema_migrations" ORDER BY "schema_migrations"."version" ASC[0m
Processing by Devise::SessionsController#new as HTML
  Rendering devise/sessions/new.html.erb within layouts/application
  Rendered devise/sessions/new.html.erb within layouts/application (17.0ms)
Completed 500 Internal Server Error in 802ms (ActiveRecord: 0.5ms)


  
ActionView::Template::Error (File to import not found or unreadable: fontawesome.
Load paths:
  /home/raguila8/web-dev/workspace/lets_prove_it/app/assets/config
  /home/raguila8/web-dev/workspace/lets_prove_it/app/assets/images
  /home/raguila8/web-dev/workspace/lets_prove_it/app/assets/javascripts
  /home/raguila8/web-dev/workspace/lets_prove_it/app/assets/stylesheets
  /home/raguila8/web-dev/workspace/lets_prove_it/vendor/assets/stylesheets
  /home/raguila8/.rvm/gems/ruby-2.3.3/gems/font-awesome-rails-4.7.0.4/app/assets/fonts
  /home/raguila8/.rvm/gems/ruby-2.3.3/gems/font-awesome-rails-4.7.0.4/app/assets/stylesheets
  /home/raguila8/.rvm/gems/ruby-2.3.3/gems/jquery-rails-4.3.1/vendor/assets/javascripts
  /home/raguila8/.rvm/gems/ruby-2.3.3/gems/coffee-rails-4.2.2/lib/assets/javascripts
  /home/raguila8/.rvm/gems/ruby-2.3.3/gems/actioncable-5.1.6/lib/assets/compiled
  /home/raguila8/.rvm/gems/ruby-2.3.3/gems/actionview-5.1.6/lib/assets/compiled
  /home/raguila8/.rvm/gems/ruby-2.3.3/gems/turbolinks-source-5.1.0/lib/assets/javascripts
  /home/raguila8/web-dev/workspace/lets_prove_it/node_modules
  /home/raguila8/.rvm/gems/ruby-2.3.3/gems/bootstrap-sass-3.3.7/assets/stylesheets
  /home/raguila8/.rvm/gems/ruby-2.3.3/gems/bootstrap-sass-3.3.7/assets/javascripts
  /home/raguila8/.rvm/gems/ruby-2.3.3/gems/bootstrap-sass-3.3.7/assets/fonts
  /home/raguila8/.rvm/gems/ruby-2.3.3/gems/bootstrap-sass-3.3.7/assets/images
  /home/raguila8/.rvm/gems/ruby-2.3.3/gems/bootstrap-sass-3.3.7/assets/stylesheets):
    4:     <title>LetsProveIt</title>
    5:     <%= csrf_meta_tags %>
    6: 
    7:     <%= stylesheet_link_tag    'application', media: 'all', 'data-turbolinks-track': 'reload' %>
    8:     <%= javascript_include_tag 'application', 'data-turbolinks-track': 'reload' %>
    9:   </head>
   10: 
  
app/assets/stylesheets/application.scss:17
app/views/layouts/application.html.erb:7:in `_app_views_layouts_application_html_erb__2464485952919229697_22837380'
Started GET "/users/sign_in" for 127.0.0.1 at 2018-06-11 04:03:14 -0700
  [1m[35m (0.1ms)[0m  [1m[34mSELECT "schema_migrations"."version" FROM "schema_migrations" ORDER BY "schema_migrations"."version" ASC[0m
Processing by Devise::SessionsController#new as HTML
  Rendering devise/sessions/new.html.erb within layouts/application
  Rendered devise/sessions/new.html.erb within layouts/application (19.1ms)
Completed 200 OK in 3514ms (Views: 3485.8ms | ActiveRecord: 1.6ms)


Started GET "/users/sign_in" for 127.0.0.1 at 2018-06-11 04:29:27 -0700
Processing by Devise::SessionsController#new as HTML
  Rendering devise/sessions/new.html.erb within layouts/application
  Rendered devise/sessions/new.html.erb within layouts/application (2.4ms)
Completed 200 OK in 67ms (Views: 65.3ms | ActiveRecord: 0.0ms)


Started GET "/users/sign_in" for 127.0.0.1 at 2018-06-11 04:31:39 -0700
Processing by Devise::SessionsController#new as HTML
  Rendering devise/sessions/new.html.erb within layouts/application
  Rendered devise/sessions/new.html.erb within layouts/application (1.7ms)
Completed 500 Internal Server Error in 869ms (ActiveRecord: 0.0ms)


  
ActionView::Template::Error (Invalid CSS after "...ds/blurred-book": expected ")", was ".jpg");"):
    4:     <title>LetsProveIt</title>
    5:     <%= csrf_meta_tags %>
    6: 
    7:     <%= stylesheet_link_tag    'application', media: 'all', 'data-turbolinks-track': 'reload' %>
    8:     <%= javascript_include_tag 'application', 'data-turbolinks-track': 'reload' %>
    9:   </head>
   10: 
  
app/assets/stylesheets/application.scss:18
app/views/layouts/application.html.erb:7:in `_app_views_layouts_application_html_erb__2898201003863754971_69907197363280'
Started GET "/users/sign_in" for 127.0.0.1 at 2018-06-11 04:31:59 -0700
Processing by Devise::SessionsController#new as HTML
  Rendering devise/sessions/new.html.erb within layouts/application
  Rendered devise/sessions/new.html.erb within layouts/application (2.2ms)
Completed 200 OK in 2447ms (Views: 2445.1ms | ActiveRecord: 0.0ms)


Started GET "/users/sign_in" for 127.0.0.1 at 2018-06-11 05:52:02 -0700
  [1m[35m (0.1ms)[0m  [1m[34mSELECT "schema_migrations"."version" FROM "schema_migrations" ORDER BY "schema_migrations"."version" ASC[0m
Processing by Devise::SessionsController#new as HTML
  Rendering devise/sessions/new.html.erb within layouts/application
  Rendered devise/sessions/new.html.erb within layouts/application (20.9ms)
Completed 500 Internal Server Error in 2690ms (ActiveRecord: 1.5ms)


  
ActionView::Template::Error (couldn't find file 'jquery-easing.js' with type 'application/javascript'
Checked in these paths: 
  /home/raguila8/web-dev/workspace/lets_prove_it/app/assets/config
  /home/raguila8/web-dev/workspace/lets_prove_it/app/assets/images
  /home/raguila8/web-dev/workspace/lets_prove_it/app/assets/javascripts
  /home/raguila8/web-dev/workspace/lets_prove_it/app/assets/stylesheets
  /home/raguila8/web-dev/workspace/lets_prove_it/vendor/assets/javascripts
  /home/raguila8/web-dev/workspace/lets_prove_it/vendor/assets/stylesheets
  /home/raguila8/.rvm/gems/ruby-2.3.3/gems/font-awesome-rails-4.7.0.4/app/assets/fonts
  /home/raguila8/.rvm/gems/ruby-2.3.3/gems/font-awesome-rails-4.7.0.4/app/assets/stylesheets
  /home/raguila8/.rvm/gems/ruby-2.3.3/gems/jquery-rails-4.3.1/vendor/assets/javascripts
  /home/raguila8/.rvm/gems/ruby-2.3.3/gems/coffee-rails-4.2.2/lib/assets/javascripts
  /home/raguila8/.rvm/gems/ruby-2.3.3/gems/actioncable-5.1.6/lib/assets/compiled
  /home/raguila8/.rvm/gems/ruby-2.3.3/gems/actionview-5.1.6/lib/assets/compiled
  /home/raguila8/.rvm/gems/ruby-2.3.3/gems/turbolinks-source-5.1.0/lib/assets/javascripts
  /home/raguila8/web-dev/workspace/lets_prove_it/node_modules
  /home/raguila8/.rvm/gems/ruby-2.3.3/gems/bootstrap-sass-3.3.7/assets/stylesheets
  /home/raguila8/.rvm/gems/ruby-2.3.3/gems/bootstrap-sass-3.3.7/assets/javascripts
  /home/raguila8/.rvm/gems/ruby-2.3.3/gems/bootstrap-sass-3.3.7/assets/fonts
  /home/raguila8/.rvm/gems/ruby-2.3.3/gems/bootstrap-sass-3.3.7/assets/images):
    4:     <title>LetsProveIt</title>
    5:     <%= csrf_meta_tags %>
    6: 
    7:     <%= stylesheet_link_tag    'application', media: 'all', 'data-turbolinks-track': 'reload' %>
    8:     <%= javascript_include_tag 'application', 'data-turbolinks-track': 'reload' %>
    9:   </head>
   10: 
  
app/assets/javascripts/application.js:18
app/views/layouts/application.html.erb:7:in `_app_views_layouts_application_html_erb__536740511360011414_31700100'
Started GET "/users/sign_in" for 127.0.0.1 at 2018-06-11 05:52:57 -0700
  [1m[35m (0.1ms)[0m  [1m[34mSELECT "schema_migrations"."version" FROM "schema_migrations" ORDER BY "schema_migrations"."version" ASC[0m
Processing by Devise::SessionsController#new as HTML
  Rendering devise/sessions/new.html.erb within layouts/application
  Rendered devise/sessions/new.html.erb within layouts/application (20.4ms)
Completed 200 OK in 633ms (Views: 605.5ms | ActiveRecord: 1.5ms)


Started GET "/users/sign_in" for 127.0.0.1 at 2018-06-11 05:54:14 -0700
Processing by Devise::SessionsController#new as HTML
  Rendering devise/sessions/new.html.erb within layouts/application
  Rendered devise/sessions/new.html.erb within layouts/application (1.9ms)
  Rendered layouts/_navigation.html.erb (0.3ms)
Completed 200 OK in 105ms (Views: 104.1ms | ActiveRecord: 0.0ms)


  
ActionController::RoutingError (No route matches [GET] "/assets/images/logo.png"):
  
actionpack (5.1.6) lib/action_dispatch/middleware/debug_exceptions.rb:63:in `call'
web-console (3.6.2) lib/web_console/middleware.rb:135:in `call_app'
web-console (3.6.2) lib/web_console/middleware.rb:30:in `block in call'
web-console (3.6.2) lib/web_console/middleware.rb:20:in `catch'
web-console (3.6.2) lib/web_console/middleware.rb:20:in `call'
actionpack (5.1.6) lib/action_dispatch/middleware/show_exceptions.rb:31:in `call'
railties (5.1.6) lib/rails/rack/logger.rb:36:in `call_app'
railties (5.1.6) lib/rails/rack/logger.rb:24:in `block in call'
activesupport (5.1.6) lib/active_support/tagged_logging.rb:69:in `block in tagged'
activesupport (5.1.6) lib/active_support/tagged_logging.rb:26:in `tagged'
activesupport (5.1.6) lib/active_support/tagged_logging.rb:69:in `tagged'
railties (5.1.6) lib/rails/rack/logger.rb:24:in `call'
sprockets-rails (3.2.1) lib/sprockets/rails/quiet_assets.rb:11:in `block in call'
activesupport (5.1.6) lib/active_support/logger_silence.rb:20:in `silence'
activesupport (5.1.6) lib/active_support/logger.rb:63:in `block (3 levels) in broadcast'
activesupport (5.1.6) lib/active_support/logger_silence.rb:20:in `silence'
activesupport (5.1.6) lib/active_support/logger.rb:61:in `block (2 levels) in broadcast'
sprockets-rails (3.2.1) lib/sprockets/rails/quiet_assets.rb:11:in `call'
actionpack (5.1.6) lib/action_dispatch/middleware/remote_ip.rb:79:in `call'
actionpack (5.1.6) lib/action_dispatch/middleware/request_id.rb:25:in `call'
rack (2.0.5) lib/rack/method_override.rb:22:in `call'
rack (2.0.5) lib/rack/runtime.rb:22:in `call'
activesupport (5.1.6) lib/active_support/cache/strategy/local_cache_middleware.rb:27:in `call'
actionpack (5.1.6) lib/action_dispatch/middleware/executor.rb:12:in `call'
actionpack (5.1.6) lib/action_dispatch/middleware/static.rb:125:in `call'
rack (2.0.5) lib/rack/sendfile.rb:111:in `call'
railties (5.1.6) lib/rails/engine.rb:522:in `call'
puma (3.11.4) lib/puma/configuration.rb:225:in `call'
puma (3.11.4) lib/puma/server.rb:632:in `handle_request'
puma (3.11.4) lib/puma/server.rb:446:in `process_client'
puma (3.11.4) lib/puma/server.rb:306:in `block in run'
puma (3.11.4) lib/puma/thread_pool.rb:120:in `block in spawn_thread'
Started GET "/users/sign_in" for 127.0.0.1 at 2018-06-11 05:57:09 -0700
Processing by Devise::SessionsController#new as HTML
  Rendering devise/sessions/new.html.erb within layouts/application
  Rendered devise/sessions/new.html.erb within layouts/application (3.9ms)
  Rendered layouts/_navigation.html.erb (0.5ms)
Completed 200 OK in 5436ms (Views: 5432.5ms | ActiveRecord: 0.0ms)


  
ActionController::RoutingError (No route matches [GET] "/assets/images/logo.png"):
  
actionpack (5.1.6) lib/action_dispatch/middleware/debug_exceptions.rb:63:in `call'
web-console (3.6.2) lib/web_console/middleware.rb:135:in `call_app'
web-console (3.6.2) lib/web_console/middleware.rb:30:in `block in call'
web-console (3.6.2) lib/web_console/middleware.rb:20:in `catch'
web-console (3.6.2) lib/web_console/middleware.rb:20:in `call'
actionpack (5.1.6) lib/action_dispatch/middleware/show_exceptions.rb:31:in `call'
railties (5.1.6) lib/rails/rack/logger.rb:36:in `call_app'
railties (5.1.6) lib/rails/rack/logger.rb:24:in `block in call'
activesupport (5.1.6) lib/active_support/tagged_logging.rb:69:in `block in tagged'
activesupport (5.1.6) lib/active_support/tagged_logging.rb:26:in `tagged'
activesupport (5.1.6) lib/active_support/tagged_logging.rb:69:in `tagged'
railties (5.1.6) lib/rails/rack/logger.rb:24:in `call'
sprockets-rails (3.2.1) lib/sprockets/rails/quiet_assets.rb:11:in `block in call'
activesupport (5.1.6) lib/active_support/logger_silence.rb:20:in `silence'
activesupport (5.1.6) lib/active_support/logger.rb:63:in `block (3 levels) in broadcast'
activesupport (5.1.6) lib/active_support/logger_silence.rb:20:in `silence'
activesupport (5.1.6) lib/active_support/logger.rb:61:in `block (2 levels) in broadcast'
sprockets-rails (3.2.1) lib/sprockets/rails/quiet_assets.rb:11:in `call'
actionpack (5.1.6) lib/action_dispatch/middleware/remote_ip.rb:79:in `call'
actionpack (5.1.6) lib/action_dispatch/middleware/request_id.rb:25:in `call'
rack (2.0.5) lib/rack/method_override.rb:22:in `call'
rack (2.0.5) lib/rack/runtime.rb:22:in `call'
activesupport (5.1.6) lib/active_support/cache/strategy/local_cache_middleware.rb:27:in `call'
actionpack (5.1.6) lib/action_dispatch/middleware/executor.rb:12:in `call'
actionpack (5.1.6) lib/action_dispatch/middleware/static.rb:125:in `call'
rack (2.0.5) lib/rack/sendfile.rb:111:in `call'
railties (5.1.6) lib/rails/engine.rb:522:in `call'
puma (3.11.4) lib/puma/configuration.rb:225:in `call'
puma (3.11.4) lib/puma/server.rb:632:in `handle_request'
puma (3.11.4) lib/puma/server.rb:446:in `process_client'
puma (3.11.4) lib/puma/server.rb:306:in `block in run'
puma (3.11.4) lib/puma/thread_pool.rb:120:in `block in spawn_thread'
Started GET "/images/logo-light.png" for 127.0.0.1 at 2018-06-11 05:57:15 -0700
  
ActionController::RoutingError (No route matches [GET] "/images/logo-light.png"):
  
actionpack (5.1.6) lib/action_dispatch/middleware/debug_exceptions.rb:63:in `call'
web-console (3.6.2) lib/web_console/middleware.rb:135:in `call_app'
web-console (3.6.2) lib/web_console/middleware.rb:30:in `block in call'
web-console (3.6.2) lib/web_console/middleware.rb:20:in `catch'
web-console (3.6.2) lib/web_console/middleware.rb:20:in `call'
actionpack (5.1.6) lib/action_dispatch/middleware/show_exceptions.rb:31:in `call'
railties (5.1.6) lib/rails/rack/logger.rb:36:in `call_app'
railties (5.1.6) lib/rails/rack/logger.rb:24:in `block in call'
activesupport (5.1.6) lib/active_support/tagged_logging.rb:69:in `block in tagged'
activesupport (5.1.6) lib/active_support/tagged_logging.rb:26:in `tagged'
activesupport (5.1.6) lib/active_support/tagged_logging.rb:69:in `tagged'
railties (5.1.6) lib/rails/rack/logger.rb:24:in `call'
sprockets-rails (3.2.1) lib/sprockets/rails/quiet_assets.rb:13:in `call'
actionpack (5.1.6) lib/action_dispatch/middleware/remote_ip.rb:79:in `call'
actionpack (5.1.6) lib/action_dispatch/middleware/request_id.rb:25:in `call'
rack (2.0.5) lib/rack/method_override.rb:22:in `call'
rack (2.0.5) lib/rack/runtime.rb:22:in `call'
activesupport (5.1.6) lib/active_support/cache/strategy/local_cache_middleware.rb:27:in `call'
actionpack (5.1.6) lib/action_dispatch/middleware/executor.rb:12:in `call'
actionpack (5.1.6) lib/action_dispatch/middleware/static.rb:125:in `call'
rack (2.0.5) lib/rack/sendfile.rb:111:in `call'
railties (5.1.6) lib/rails/engine.rb:522:in `call'
puma (3.11.4) lib/puma/configuration.rb:225:in `call'
puma (3.11.4) lib/puma/server.rb:632:in `handle_request'
puma (3.11.4) lib/puma/server.rb:446:in `process_client'
puma (3.11.4) lib/puma/server.rb:306:in `block in run'
puma (3.11.4) lib/puma/thread_pool.rb:120:in `block in spawn_thread'
Started GET "/users/sign_in" for 127.0.0.1 at 2018-06-11 05:58:15 -0700
Processing by Devise::SessionsController#new as HTML
  Rendering devise/sessions/new.html.erb within layouts/application
  Rendered devise/sessions/new.html.erb within layouts/application (1.6ms)
  Rendered layouts/_navigation.html.erb (0.3ms)
Completed 200 OK in 176ms (Views: 172.0ms | ActiveRecord: 0.0ms)


  
ActionController::RoutingError (No route matches [GET] "/assets/images/logo.png"):
  
actionpack (5.1.6) lib/action_dispatch/middleware/debug_exceptions.rb:63:in `call'
web-console (3.6.2) lib/web_console/middleware.rb:135:in `call_app'
web-console (3.6.2) lib/web_console/middleware.rb:30:in `block in call'
web-console (3.6.2) lib/web_console/middleware.rb:20:in `catch'
web-console (3.6.2) lib/web_console/middleware.rb:20:in `call'
actionpack (5.1.6) lib/action_dispatch/middleware/show_exceptions.rb:31:in `call'
railties (5.1.6) lib/rails/rack/logger.rb:36:in `call_app'
railties (5.1.6) lib/rails/rack/logger.rb:24:in `block in call'
activesupport (5.1.6) lib/active_support/tagged_logging.rb:69:in `block in tagged'
activesupport (5.1.6) lib/active_support/tagged_logging.rb:26:in `tagged'
activesupport (5.1.6) lib/active_support/tagged_logging.rb:69:in `tagged'
railties (5.1.6) lib/rails/rack/logger.rb:24:in `call'
sprockets-rails (3.2.1) lib/sprockets/rails/quiet_assets.rb:11:in `block in call'
activesupport (5.1.6) lib/active_support/logger_silence.rb:20:in `silence'
activesupport (5.1.6) lib/active_support/logger.rb:63:in `block (3 levels) in broadcast'
activesupport (5.1.6) lib/active_support/logger_silence.rb:20:in `silence'
activesupport (5.1.6) lib/active_support/logger.rb:61:in `block (2 levels) in broadcast'
sprockets-rails (3.2.1) lib/sprockets/rails/quiet_assets.rb:11:in `call'
actionpack (5.1.6) lib/action_dispatch/middleware/remote_ip.rb:79:in `call'
actionpack (5.1.6) lib/action_dispatch/middleware/request_id.rb:25:in `call'
rack (2.0.5) lib/rack/method_override.rb:22:in `call'
rack (2.0.5) lib/rack/runtime.rb:22:in `call'
activesupport (5.1.6) lib/active_support/cache/strategy/local_cache_middleware.rb:27:in `call'
actionpack (5.1.6) lib/action_dispatch/middleware/executor.rb:12:in `call'
actionpack (5.1.6) lib/action_dispatch/middleware/static.rb:125:in `call'
rack (2.0.5) lib/rack/sendfile.rb:111:in `call'
railties (5.1.6) lib/rails/engine.rb:522:in `call'
puma (3.11.4) lib/puma/configuration.rb:225:in `call'
puma (3.11.4) lib/puma/server.rb:632:in `handle_request'
puma (3.11.4) lib/puma/server.rb:446:in `process_client'
puma (3.11.4) lib/puma/server.rb:306:in `block in run'
puma (3.11.4) lib/puma/thread_pool.rb:120:in `block in spawn_thread'
Started GET "/images/logo-light.png" for 127.0.0.1 at 2018-06-11 05:58:15 -0700
  
ActionController::RoutingError (No route matches [GET] "/images/logo-light.png"):
  
actionpack (5.1.6) lib/action_dispatch/middleware/debug_exceptions.rb:63:in `call'
web-console (3.6.2) lib/web_console/middleware.rb:135:in `call_app'
web-console (3.6.2) lib/web_console/middleware.rb:30:in `block in call'
web-console (3.6.2) lib/web_console/middleware.rb:20:in `catch'
web-console (3.6.2) lib/web_console/middleware.rb:20:in `call'
actionpack (5.1.6) lib/action_dispatch/middleware/show_exceptions.rb:31:in `call'
railties (5.1.6) lib/rails/rack/logger.rb:36:in `call_app'
railties (5.1.6) lib/rails/rack/logger.rb:24:in `block in call'
activesupport (5.1.6) lib/active_support/tagged_logging.rb:69:in `block in tagged'
activesupport (5.1.6) lib/active_support/tagged_logging.rb:26:in `tagged'
activesupport (5.1.6) lib/active_support/tagged_logging.rb:69:in `tagged'
railties (5.1.6) lib/rails/rack/logger.rb:24:in `call'
sprockets-rails (3.2.1) lib/sprockets/rails/quiet_assets.rb:13:in `call'
actionpack (5.1.6) lib/action_dispatch/middleware/remote_ip.rb:79:in `call'
actionpack (5.1.6) lib/action_dispatch/middleware/request_id.rb:25:in `call'
rack (2.0.5) lib/rack/method_override.rb:22:in `call'
rack (2.0.5) lib/rack/runtime.rb:22:in `call'
activesupport (5.1.6) lib/active_support/cache/strategy/local_cache_middleware.rb:27:in `call'
actionpack (5.1.6) lib/action_dispatch/middleware/executor.rb:12:in `call'
actionpack (5.1.6) lib/action_dispatch/middleware/static.rb:125:in `call'
rack (2.0.5) lib/rack/sendfile.rb:111:in `call'
railties (5.1.6) lib/rails/engine.rb:522:in `call'
puma (3.11.4) lib/puma/configuration.rb:225:in `call'
puma (3.11.4) lib/puma/server.rb:632:in `handle_request'
puma (3.11.4) lib/puma/server.rb:446:in `process_client'
puma (3.11.4) lib/puma/server.rb:306:in `block in run'
puma (3.11.4) lib/puma/thread_pool.rb:120:in `block in spawn_thread'
